<?xml version="1.0" encoding="UTF-8"?>
<testsuite name="tests.LoginTests" tests="1" skipped="0" failures="0" errors="0" timestamp="2022-06-24T19:54:41" hostname="DESKTOP-K3383S5" time="0.557">
  <properties/>
  <testcase name="successLogin" classname="tests.LoginTests" time="0.557"/>
  <system-out><![CDATA[]]></system-out>
  <system-err><![CDATA[]]></system-err>
</testsuite>
