<?xml version="1.0" encoding="UTF-8"?>
<testsuite name="tests.RegistrationTests" tests="1" skipped="0" failures="0" errors="0" timestamp="2022-07-16T16:40:42" hostname="DESKTOP-K3383S5" time="1.136">
  <properties/>
  <testcase name="registrationWrongPasswordFormatSize" classname="tests.RegistrationTests" time="1.136"/>
  <system-out><![CDATA[19:40:37.911  INFO  tests.TestBase - start method with name--->registrationWrongPasswordFormatSize
Password must contain 1 uppercase letter, 1 lowercase letter and one number
Password must contain minimum 8 symbols
false
]]></system-out>
  <system-err><![CDATA[]]></system-err>
</testsuite>
