<?xml version="1.0" encoding="UTF-8"?>
<testsuite name="tests.AddNewCar" tests="1" skipped="0" failures="0" errors="0" timestamp="2022-07-16T16:23:55" hostname="DESKTOP-K3383S5" time="8.135">
  <properties/>
  <testcase name="addNewCarSuccess" classname="tests.AddNewCar" time="8.135"/>
  <system-out><![CDATA[19:23:49.171  INFO  tests.TestBase - start method with name--->addNewCarSuccess
19:23:55.355  INFO  tests.TestBase - user
19:23:55.395  INFO  tests.TestBase - car is ---->Car(address=Haifa, Israel, make=Mercedes, model=W208, year=2000, engine=2.5, fuel=Petrol, gear=AT, wD=AWD, doors=5, seats=4, clasS=C, fuelConsumption=6.5, carRegNumber=22-333-1822, price=65, distanceIncluded=800, features=type of features, about=very nice car)
19:24:03.490  INFO  tests.TestBase - check name--->22-333-1822
]]></system-out>
  <system-err><![CDATA[]]></system-err>
</testsuite>
